2013-11-26 20:30:32,550 - [INFO] - from play in pool-4-thread-3 
Listening for HTTP on /0:0:0:0:0:0:0:0:9000

2013-11-26 20:30:58,904 - [INFO] - from play in play-internal-execution-context-1 
database [default] connected at jdbc:postgresql://localhost:5434/rss

2013-11-26 20:30:59,001 - [INFO] - from play in play-internal-execution-context-1 
Application started (Dev)

2013-11-26 20:38:01,837 - [ERROR] - from application in New I/O worker #5 


! @6gcod2jii - Internal server error, for (GET) [/] ->

play.PlayExceptions$CompilationException: Compilation error[value feed is not a member of object models.Feed]
	at play.PlayReloader$$anon$1$$anonfun$reload$2$$anonfun$apply$14$$anonfun$apply$16.apply(PlayReloader.scala:304) ~[na:na]
	at play.PlayReloader$$anon$1$$anonfun$reload$2$$anonfun$apply$14$$anonfun$apply$16.apply(PlayReloader.scala:304) ~[na:na]
	at scala.Option.map(Option.scala:145) ~[scala-library.jar:na]
	at play.PlayReloader$$anon$1$$anonfun$reload$2$$anonfun$apply$14.apply(PlayReloader.scala:304) ~[na:na]
	at play.PlayReloader$$anon$1$$anonfun$reload$2$$anonfun$apply$14.apply(PlayReloader.scala:298) ~[na:na]
	at scala.Option.map(Option.scala:145) ~[scala-library.jar:na]
	at play.PlayReloader$$anon$1$$anonfun$reload$2.apply(PlayReloader.scala:298) ~[na:na]
	at play.PlayReloader$$anon$1$$anonfun$reload$2.apply(PlayReloader.scala:296) ~[na:na]
	at scala.util.Either$LeftProjection.map(Either.scala:377) ~[scala-library.jar:na]
	at play.PlayReloader$$anon$1.reload(PlayReloader.scala:296) ~[na:na]
	at play.core.ReloadableApplication$$anonfun$get$1.apply(ApplicationProvider.scala:104) ~[play_2.10.jar:2.2.1]
	at play.core.ReloadableApplication$$anonfun$get$1.apply(ApplicationProvider.scala:102) ~[play_2.10.jar:2.2.1]
	at scala.concurrent.impl.Future$PromiseCompletingRunnable.liftedTree1$1(Future.scala:24) ~[scala-library.jar:na]
	at scala.concurrent.impl.Future$PromiseCompletingRunnable.run(Future.scala:24) ~[scala-library.jar:na]
	at scala.concurrent.forkjoin.ForkJoinTask$AdaptedRunnableAction.exec(ForkJoinTask.java:1361) ~[scala-library.jar:na]
	at scala.concurrent.forkjoin.ForkJoinTask.doExec(ForkJoinTask.java:260) ~[scala-library.jar:na]
	at scala.concurrent.forkjoin.ForkJoinPool$WorkQueue.runTask(ForkJoinPool.java:1339) ~[scala-library.jar:na]
	at scala.concurrent.forkjoin.ForkJoinPool.runWorker(ForkJoinPool.java:1979) ~[scala-library.jar:na]
	at scala.concurrent.forkjoin.ForkJoinWorkerThread.run(ForkJoinWorkerThread.java:107) ~[scala-library.jar:na]

2013-11-26 20:39:22,585 - [ERROR] - from application in New I/O worker #6 


! @6gcod796f - Internal server error, for (GET) [/] ->

play.PlayExceptions$CompilationException: Compilation error[value feed is not a member of object models.Feed]
	at play.PlayReloader$$anon$1$$anonfun$reload$2$$anonfun$apply$14$$anonfun$apply$16.apply(PlayReloader.scala:304) ~[na:na]
	at play.PlayReloader$$anon$1$$anonfun$reload$2$$anonfun$apply$14$$anonfun$apply$16.apply(PlayReloader.scala:304) ~[na:na]
	at scala.Option.map(Option.scala:145) ~[scala-library.jar:na]
	at play.PlayReloader$$anon$1$$anonfun$reload$2$$anonfun$apply$14.apply(PlayReloader.scala:304) ~[na:na]
	at play.PlayReloader$$anon$1$$anonfun$reload$2$$anonfun$apply$14.apply(PlayReloader.scala:298) ~[na:na]
	at scala.Option.map(Option.scala:145) ~[scala-library.jar:na]
	at play.PlayReloader$$anon$1$$anonfun$reload$2.apply(PlayReloader.scala:298) ~[na:na]
	at play.PlayReloader$$anon$1$$anonfun$reload$2.apply(PlayReloader.scala:296) ~[na:na]
	at scala.util.Either$LeftProjection.map(Either.scala:377) ~[scala-library.jar:na]
	at play.PlayReloader$$anon$1.reload(PlayReloader.scala:296) ~[na:na]
	at play.core.ReloadableApplication$$anonfun$get$1.apply(ApplicationProvider.scala:104) ~[play_2.10.jar:2.2.1]
	at play.core.ReloadableApplication$$anonfun$get$1.apply(ApplicationProvider.scala:102) ~[play_2.10.jar:2.2.1]
	at scala.concurrent.impl.Future$PromiseCompletingRunnable.liftedTree1$1(Future.scala:24) ~[scala-library.jar:na]
	at scala.concurrent.impl.Future$PromiseCompletingRunnable.run(Future.scala:24) ~[scala-library.jar:na]
	at scala.concurrent.forkjoin.ForkJoinTask$AdaptedRunnableAction.exec(ForkJoinTask.java:1361) ~[scala-library.jar:na]
	at scala.concurrent.forkjoin.ForkJoinTask.doExec(ForkJoinTask.java:260) ~[scala-library.jar:na]
	at scala.concurrent.forkjoin.ForkJoinPool$WorkQueue.runTask(ForkJoinPool.java:1339) ~[scala-library.jar:na]
	at scala.concurrent.forkjoin.ForkJoinPool.runWorker(ForkJoinPool.java:1979) ~[scala-library.jar:na]
	at scala.concurrent.forkjoin.ForkJoinWorkerThread.run(ForkJoinWorkerThread.java:107) ~[scala-library.jar:na]

2013-11-26 20:39:42,993 - [ERROR] - from application in New I/O worker #6 


! @6gcod8dbe - Internal server error, for (GET) [/] ->

play.PlayExceptions$CompilationException: Compilation error[illegal start of simple pattern]
	at play.PlayReloader$$anon$1$$anonfun$reload$2$$anonfun$apply$14$$anonfun$apply$16.apply(PlayReloader.scala:304) ~[na:na]
	at play.PlayReloader$$anon$1$$anonfun$reload$2$$anonfun$apply$14$$anonfun$apply$16.apply(PlayReloader.scala:304) ~[na:na]
	at scala.Option.map(Option.scala:145) ~[scala-library.jar:na]
	at play.PlayReloader$$anon$1$$anonfun$reload$2$$anonfun$apply$14.apply(PlayReloader.scala:304) ~[na:na]
	at play.PlayReloader$$anon$1$$anonfun$reload$2$$anonfun$apply$14.apply(PlayReloader.scala:298) ~[na:na]
	at scala.Option.map(Option.scala:145) ~[scala-library.jar:na]
	at play.PlayReloader$$anon$1$$anonfun$reload$2.apply(PlayReloader.scala:298) ~[na:na]
	at play.PlayReloader$$anon$1$$anonfun$reload$2.apply(PlayReloader.scala:296) ~[na:na]
	at scala.util.Either$LeftProjection.map(Either.scala:377) ~[scala-library.jar:na]
	at play.PlayReloader$$anon$1.reload(PlayReloader.scala:296) ~[na:na]
	at play.core.ReloadableApplication$$anonfun$get$1.apply(ApplicationProvider.scala:104) ~[play_2.10.jar:2.2.1]
	at play.core.ReloadableApplication$$anonfun$get$1.apply(ApplicationProvider.scala:102) ~[play_2.10.jar:2.2.1]
	at scala.concurrent.impl.Future$PromiseCompletingRunnable.liftedTree1$1(Future.scala:24) ~[scala-library.jar:na]
	at scala.concurrent.impl.Future$PromiseCompletingRunnable.run(Future.scala:24) ~[scala-library.jar:na]
	at scala.concurrent.forkjoin.ForkJoinTask$AdaptedRunnableAction.exec(ForkJoinTask.java:1361) ~[scala-library.jar:na]
	at scala.concurrent.forkjoin.ForkJoinTask.doExec(ForkJoinTask.java:260) ~[scala-library.jar:na]
	at scala.concurrent.forkjoin.ForkJoinPool$WorkQueue.runTask(ForkJoinPool.java:1339) ~[scala-library.jar:na]
	at scala.concurrent.forkjoin.ForkJoinPool.runWorker(ForkJoinPool.java:1979) ~[scala-library.jar:na]
	at scala.concurrent.forkjoin.ForkJoinWorkerThread.run(ForkJoinWorkerThread.java:107) ~[scala-library.jar:na]

2013-11-26 20:40:04,957 - [ERROR] - from application in New I/O worker #6 


! @6gcod9jo7 - Internal server error, for (GET) [/] ->

play.PlayExceptions$CompilationException: Compilation error[illegal start of simple pattern]
	at play.PlayReloader$$anon$1$$anonfun$reload$2$$anonfun$apply$14$$anonfun$apply$16.apply(PlayReloader.scala:304) ~[na:na]
	at play.PlayReloader$$anon$1$$anonfun$reload$2$$anonfun$apply$14$$anonfun$apply$16.apply(PlayReloader.scala:304) ~[na:na]
	at scala.Option.map(Option.scala:145) ~[scala-library.jar:na]
	at play.PlayReloader$$anon$1$$anonfun$reload$2$$anonfun$apply$14.apply(PlayReloader.scala:304) ~[na:na]
	at play.PlayReloader$$anon$1$$anonfun$reload$2$$anonfun$apply$14.apply(PlayReloader.scala:298) ~[na:na]
	at scala.Option.map(Option.scala:145) ~[scala-library.jar:na]
	at play.PlayReloader$$anon$1$$anonfun$reload$2.apply(PlayReloader.scala:298) ~[na:na]
	at play.PlayReloader$$anon$1$$anonfun$reload$2.apply(PlayReloader.scala:296) ~[na:na]
	at scala.util.Either$LeftProjection.map(Either.scala:377) ~[scala-library.jar:na]
	at play.PlayReloader$$anon$1.reload(PlayReloader.scala:296) ~[na:na]
	at play.core.ReloadableApplication$$anonfun$get$1.apply(ApplicationProvider.scala:104) ~[play_2.10.jar:2.2.1]
	at play.core.ReloadableApplication$$anonfun$get$1.apply(ApplicationProvider.scala:102) ~[play_2.10.jar:2.2.1]
	at scala.concurrent.impl.Future$PromiseCompletingRunnable.liftedTree1$1(Future.scala:24) ~[scala-library.jar:na]
	at scala.concurrent.impl.Future$PromiseCompletingRunnable.run(Future.scala:24) ~[scala-library.jar:na]
	at scala.concurrent.forkjoin.ForkJoinTask$AdaptedRunnableAction.exec(ForkJoinTask.java:1361) ~[scala-library.jar:na]
	at scala.concurrent.forkjoin.ForkJoinTask.doExec(ForkJoinTask.java:260) ~[scala-library.jar:na]
	at scala.concurrent.forkjoin.ForkJoinPool$WorkQueue.runTask(ForkJoinPool.java:1339) ~[scala-library.jar:na]
	at scala.concurrent.forkjoin.ForkJoinPool.runWorker(ForkJoinPool.java:1979) ~[scala-library.jar:na]
	at scala.concurrent.forkjoin.ForkJoinWorkerThread.run(ForkJoinWorkerThread.java:107) ~[scala-library.jar:na]

2013-11-26 20:51:45,673 - [ERROR] - from application in New I/O worker #7 


! @6gcoengcp - Internal server error, for (GET) [/] ->

play.PlayExceptions$CompilationException: Compilation error[Feed is already defined as case class Feed]
	at play.PlayReloader$$anon$1$$anonfun$reload$2$$anonfun$apply$14$$anonfun$apply$16.apply(PlayReloader.scala:304) ~[na:na]
	at play.PlayReloader$$anon$1$$anonfun$reload$2$$anonfun$apply$14$$anonfun$apply$16.apply(PlayReloader.scala:304) ~[na:na]
	at scala.Option.map(Option.scala:145) ~[scala-library.jar:na]
	at play.PlayReloader$$anon$1$$anonfun$reload$2$$anonfun$apply$14.apply(PlayReloader.scala:304) ~[na:na]
	at play.PlayReloader$$anon$1$$anonfun$reload$2$$anonfun$apply$14.apply(PlayReloader.scala:298) ~[na:na]
	at scala.Option.map(Option.scala:145) ~[scala-library.jar:na]
	at play.PlayReloader$$anon$1$$anonfun$reload$2.apply(PlayReloader.scala:298) ~[na:na]
	at play.PlayReloader$$anon$1$$anonfun$reload$2.apply(PlayReloader.scala:296) ~[na:na]
	at scala.util.Either$LeftProjection.map(Either.scala:377) ~[scala-library.jar:na]
	at play.PlayReloader$$anon$1.reload(PlayReloader.scala:296) ~[na:na]
	at play.core.ReloadableApplication$$anonfun$get$1.apply(ApplicationProvider.scala:104) ~[play_2.10.jar:2.2.1]
	at play.core.ReloadableApplication$$anonfun$get$1.apply(ApplicationProvider.scala:102) ~[play_2.10.jar:2.2.1]
	at scala.concurrent.impl.Future$PromiseCompletingRunnable.liftedTree1$1(Future.scala:24) ~[scala-library.jar:na]
	at scala.concurrent.impl.Future$PromiseCompletingRunnable.run(Future.scala:24) ~[scala-library.jar:na]
	at scala.concurrent.forkjoin.ForkJoinTask$AdaptedRunnableAction.exec(ForkJoinTask.java:1361) ~[scala-library.jar:na]
	at scala.concurrent.forkjoin.ForkJoinTask.doExec(ForkJoinTask.java:260) ~[scala-library.jar:na]
	at scala.concurrent.forkjoin.ForkJoinPool$WorkQueue.runTask(ForkJoinPool.java:1339) ~[scala-library.jar:na]
	at scala.concurrent.forkjoin.ForkJoinPool.runWorker(ForkJoinPool.java:1979) ~[scala-library.jar:na]
	at scala.concurrent.forkjoin.ForkJoinWorkerThread.run(ForkJoinWorkerThread.java:107) ~[scala-library.jar:na]

2013-11-26 20:52:14,993 - [ERROR] - from application in New I/O worker #7 


! @6gcoep7mg - Internal server error, for (GET) [/] ->

play.PlayExceptions$CompilationException: Compilation error[value xmlurl is not a member of models.Feed]
	at play.PlayReloader$$anon$1$$anonfun$reload$2$$anonfun$apply$14$$anonfun$apply$16.apply(PlayReloader.scala:304) ~[na:na]
	at play.PlayReloader$$anon$1$$anonfun$reload$2$$anonfun$apply$14$$anonfun$apply$16.apply(PlayReloader.scala:304) ~[na:na]
	at scala.Option.map(Option.scala:145) ~[scala-library.jar:na]
	at play.PlayReloader$$anon$1$$anonfun$reload$2$$anonfun$apply$14.apply(PlayReloader.scala:304) ~[na:na]
	at play.PlayReloader$$anon$1$$anonfun$reload$2$$anonfun$apply$14.apply(PlayReloader.scala:298) ~[na:na]
	at scala.Option.map(Option.scala:145) ~[scala-library.jar:na]
	at play.PlayReloader$$anon$1$$anonfun$reload$2.apply(PlayReloader.scala:298) ~[na:na]
	at play.PlayReloader$$anon$1$$anonfun$reload$2.apply(PlayReloader.scala:296) ~[na:na]
	at scala.util.Either$LeftProjection.map(Either.scala:377) ~[scala-library.jar:na]
	at play.PlayReloader$$anon$1.reload(PlayReloader.scala:296) ~[na:na]
	at play.core.ReloadableApplication$$anonfun$get$1.apply(ApplicationProvider.scala:104) ~[play_2.10.jar:2.2.1]
	at play.core.ReloadableApplication$$anonfun$get$1.apply(ApplicationProvider.scala:102) ~[play_2.10.jar:2.2.1]
	at scala.concurrent.impl.Future$PromiseCompletingRunnable.liftedTree1$1(Future.scala:24) ~[scala-library.jar:na]
	at scala.concurrent.impl.Future$PromiseCompletingRunnable.run(Future.scala:24) ~[scala-library.jar:na]
	at scala.concurrent.forkjoin.ForkJoinTask$AdaptedRunnableAction.exec(ForkJoinTask.java:1361) ~[scala-library.jar:na]
	at scala.concurrent.forkjoin.ForkJoinTask.doExec(ForkJoinTask.java:260) ~[scala-library.jar:na]
	at scala.concurrent.forkjoin.ForkJoinPool$WorkQueue.runTask(ForkJoinPool.java:1339) ~[scala-library.jar:na]
	at scala.concurrent.forkjoin.ForkJoinPool.runWorker(ForkJoinPool.java:1979) ~[scala-library.jar:na]
	at scala.concurrent.forkjoin.ForkJoinWorkerThread.run(ForkJoinWorkerThread.java:107) ~[scala-library.jar:na]

2013-11-26 20:53:05,884 - [ERROR] - from application in New I/O worker #8 


! @6gcof253p - Internal server error, for (GET) [/] ->

play.PlayExceptions$CompilationException: Compilation error[too many arguments for constructor Feed: (id: anorm.Pk[Long], title: String, xmlurl: String, htmlurl: String)models.Feed]
	at play.PlayReloader$$anon$1$$anonfun$reload$2$$anonfun$apply$14$$anonfun$apply$16.apply(PlayReloader.scala:304) ~[na:na]
	at play.PlayReloader$$anon$1$$anonfun$reload$2$$anonfun$apply$14$$anonfun$apply$16.apply(PlayReloader.scala:304) ~[na:na]
	at scala.Option.map(Option.scala:145) ~[scala-library.jar:na]
	at play.PlayReloader$$anon$1$$anonfun$reload$2$$anonfun$apply$14.apply(PlayReloader.scala:304) ~[na:na]
	at play.PlayReloader$$anon$1$$anonfun$reload$2$$anonfun$apply$14.apply(PlayReloader.scala:298) ~[na:na]
	at scala.Option.map(Option.scala:145) ~[scala-library.jar:na]
	at play.PlayReloader$$anon$1$$anonfun$reload$2.apply(PlayReloader.scala:298) ~[na:na]
	at play.PlayReloader$$anon$1$$anonfun$reload$2.apply(PlayReloader.scala:296) ~[na:na]
	at scala.util.Either$LeftProjection.map(Either.scala:377) ~[scala-library.jar:na]
	at play.PlayReloader$$anon$1.reload(PlayReloader.scala:296) ~[na:na]
	at play.core.ReloadableApplication$$anonfun$get$1.apply(ApplicationProvider.scala:104) ~[play_2.10.jar:2.2.1]
	at play.core.ReloadableApplication$$anonfun$get$1.apply(ApplicationProvider.scala:102) ~[play_2.10.jar:2.2.1]
	at scala.concurrent.impl.Future$PromiseCompletingRunnable.liftedTree1$1(Future.scala:24) ~[scala-library.jar:na]
	at scala.concurrent.impl.Future$PromiseCompletingRunnable.run(Future.scala:24) ~[scala-library.jar:na]
	at scala.concurrent.forkjoin.ForkJoinTask$AdaptedRunnableAction.exec(ForkJoinTask.java:1361) ~[scala-library.jar:na]
	at scala.concurrent.forkjoin.ForkJoinTask.doExec(ForkJoinTask.java:260) ~[scala-library.jar:na]
	at scala.concurrent.forkjoin.ForkJoinPool$WorkQueue.runTask(ForkJoinPool.java:1339) ~[scala-library.jar:na]
	at scala.concurrent.forkjoin.ForkJoinPool.runWorker(ForkJoinPool.java:1979) ~[scala-library.jar:na]
	at scala.concurrent.forkjoin.ForkJoinWorkerThread.run(ForkJoinWorkerThread.java:107) ~[scala-library.jar:na]

2013-11-26 20:53:31,076 - [ERROR] - from application in New I/O worker #8 


! @6gcof3gam - Internal server error, for (GET) [/] ->

play.PlayExceptions$CompilationException: Compilation error[type mismatch;
 found   : Int(0)
 required: anorm.Pk[Long]]
	at play.PlayReloader$$anon$1$$anonfun$reload$2$$anonfun$apply$14$$anonfun$apply$16.apply(PlayReloader.scala:304) ~[na:na]
	at play.PlayReloader$$anon$1$$anonfun$reload$2$$anonfun$apply$14$$anonfun$apply$16.apply(PlayReloader.scala:304) ~[na:na]
	at scala.Option.map(Option.scala:145) ~[scala-library.jar:na]
	at play.PlayReloader$$anon$1$$anonfun$reload$2$$anonfun$apply$14.apply(PlayReloader.scala:304) ~[na:na]
	at play.PlayReloader$$anon$1$$anonfun$reload$2$$anonfun$apply$14.apply(PlayReloader.scala:298) ~[na:na]
	at scala.Option.map(Option.scala:145) ~[scala-library.jar:na]
	at play.PlayReloader$$anon$1$$anonfun$reload$2.apply(PlayReloader.scala:298) ~[na:na]
	at play.PlayReloader$$anon$1$$anonfun$reload$2.apply(PlayReloader.scala:296) ~[na:na]
	at scala.util.Either$LeftProjection.map(Either.scala:377) ~[scala-library.jar:na]
	at play.PlayReloader$$anon$1.reload(PlayReloader.scala:296) ~[na:na]
	at play.core.ReloadableApplication$$anonfun$get$1.apply(ApplicationProvider.scala:104) ~[play_2.10.jar:2.2.1]
	at play.core.ReloadableApplication$$anonfun$get$1.apply(ApplicationProvider.scala:102) ~[play_2.10.jar:2.2.1]
	at scala.concurrent.impl.Future$PromiseCompletingRunnable.liftedTree1$1(Future.scala:24) ~[scala-library.jar:na]
	at scala.concurrent.impl.Future$PromiseCompletingRunnable.run(Future.scala:24) ~[scala-library.jar:na]
	at scala.concurrent.forkjoin.ForkJoinTask$AdaptedRunnableAction.exec(ForkJoinTask.java:1361) ~[scala-library.jar:na]
	at scala.concurrent.forkjoin.ForkJoinTask.doExec(ForkJoinTask.java:260) ~[scala-library.jar:na]
	at scala.concurrent.forkjoin.ForkJoinPool$WorkQueue.runTask(ForkJoinPool.java:1339) ~[scala-library.jar:na]
	at scala.concurrent.forkjoin.ForkJoinPool.runWorker(ForkJoinPool.java:1979) ~[scala-library.jar:na]
	at scala.concurrent.forkjoin.ForkJoinWorkerThread.run(ForkJoinWorkerThread.java:107) ~[scala-library.jar:na]

2013-11-26 20:53:45,457 - [ERROR] - from application in New I/O worker #8 


! @6gcof4bi0 - Internal server error, for (GET) [/] ->

play.PlayExceptions$CompilationException: Compilation error[missing parameter type for expanded function ((x$1) => new Feed(x$1, "1", "2", "3"))]
	at play.PlayReloader$$anon$1$$anonfun$reload$2$$anonfun$apply$14$$anonfun$apply$16.apply(PlayReloader.scala:304) ~[na:na]
	at play.PlayReloader$$anon$1$$anonfun$reload$2$$anonfun$apply$14$$anonfun$apply$16.apply(PlayReloader.scala:304) ~[na:na]
	at scala.Option.map(Option.scala:145) ~[scala-library.jar:na]
	at play.PlayReloader$$anon$1$$anonfun$reload$2$$anonfun$apply$14.apply(PlayReloader.scala:304) ~[na:na]
	at play.PlayReloader$$anon$1$$anonfun$reload$2$$anonfun$apply$14.apply(PlayReloader.scala:298) ~[na:na]
	at scala.Option.map(Option.scala:145) ~[scala-library.jar:na]
	at play.PlayReloader$$anon$1$$anonfun$reload$2.apply(PlayReloader.scala:298) ~[na:na]
	at play.PlayReloader$$anon$1$$anonfun$reload$2.apply(PlayReloader.scala:296) ~[na:na]
	at scala.util.Either$LeftProjection.map(Either.scala:377) ~[scala-library.jar:na]
	at play.PlayReloader$$anon$1.reload(PlayReloader.scala:296) ~[na:na]
	at play.core.ReloadableApplication$$anonfun$get$1.apply(ApplicationProvider.scala:104) ~[play_2.10.jar:2.2.1]
	at play.core.ReloadableApplication$$anonfun$get$1.apply(ApplicationProvider.scala:102) ~[play_2.10.jar:2.2.1]
	at scala.concurrent.impl.Future$PromiseCompletingRunnable.liftedTree1$1(Future.scala:24) ~[scala-library.jar:na]
	at scala.concurrent.impl.Future$PromiseCompletingRunnable.run(Future.scala:24) ~[scala-library.jar:na]
	at scala.concurrent.forkjoin.ForkJoinTask$AdaptedRunnableAction.exec(ForkJoinTask.java:1361) ~[scala-library.jar:na]
	at scala.concurrent.forkjoin.ForkJoinTask.doExec(ForkJoinTask.java:260) ~[scala-library.jar:na]
	at scala.concurrent.forkjoin.ForkJoinPool$WorkQueue.runTask(ForkJoinPool.java:1339) ~[scala-library.jar:na]
	at scala.concurrent.forkjoin.ForkJoinPool.runWorker(ForkJoinPool.java:1979) ~[scala-library.jar:na]
	at scala.concurrent.forkjoin.ForkJoinWorkerThread.run(ForkJoinWorkerThread.java:107) ~[scala-library.jar:na]

2013-11-26 20:53:57,861 - [ERROR] - from application in New I/O worker #8 


! @6gcof5411 - Internal server error, for (GET) [/] ->

play.PlayExceptions$CompilationException: Compilation error[Long.type does not take parameters]
	at play.PlayReloader$$anon$1$$anonfun$reload$2$$anonfun$apply$14$$anonfun$apply$16.apply(PlayReloader.scala:304) ~[na:na]
	at play.PlayReloader$$anon$1$$anonfun$reload$2$$anonfun$apply$14$$anonfun$apply$16.apply(PlayReloader.scala:304) ~[na:na]
	at scala.Option.map(Option.scala:145) ~[scala-library.jar:na]
	at play.PlayReloader$$anon$1$$anonfun$reload$2$$anonfun$apply$14.apply(PlayReloader.scala:304) ~[na:na]
	at play.PlayReloader$$anon$1$$anonfun$reload$2$$anonfun$apply$14.apply(PlayReloader.scala:298) ~[na:na]
	at scala.Option.map(Option.scala:145) ~[scala-library.jar:na]
	at play.PlayReloader$$anon$1$$anonfun$reload$2.apply(PlayReloader.scala:298) ~[na:na]
	at play.PlayReloader$$anon$1$$anonfun$reload$2.apply(PlayReloader.scala:296) ~[na:na]
	at scala.util.Either$LeftProjection.map(Either.scala:377) ~[scala-library.jar:na]
	at play.PlayReloader$$anon$1.reload(PlayReloader.scala:296) ~[na:na]
	at play.core.ReloadableApplication$$anonfun$get$1.apply(ApplicationProvider.scala:104) ~[play_2.10.jar:2.2.1]
	at play.core.ReloadableApplication$$anonfun$get$1.apply(ApplicationProvider.scala:102) ~[play_2.10.jar:2.2.1]
	at scala.concurrent.impl.Future$PromiseCompletingRunnable.liftedTree1$1(Future.scala:24) ~[scala-library.jar:na]
	at scala.concurrent.impl.Future$PromiseCompletingRunnable.run(Future.scala:24) ~[scala-library.jar:na]
	at scala.concurrent.forkjoin.ForkJoinTask$AdaptedRunnableAction.exec(ForkJoinTask.java:1361) ~[scala-library.jar:na]
	at scala.concurrent.forkjoin.ForkJoinTask.doExec(ForkJoinTask.java:260) ~[scala-library.jar:na]
	at scala.concurrent.forkjoin.ForkJoinPool$WorkQueue.runTask(ForkJoinPool.java:1339) ~[scala-library.jar:na]
	at scala.concurrent.forkjoin.ForkJoinPool.runWorker(ForkJoinPool.java:1979) ~[scala-library.jar:na]
	at scala.concurrent.forkjoin.ForkJoinWorkerThread.run(ForkJoinWorkerThread.java:107) ~[scala-library.jar:na]

2013-11-26 20:54:04,231 - [ERROR] - from application in New I/O worker #8 


! @6gcof5dc2 - Internal server error, for (GET) [/] ->

play.PlayExceptions$CompilationException: Compilation error[class Long is abstract; cannot be instantiated]
	at play.PlayReloader$$anon$1$$anonfun$reload$2$$anonfun$apply$14$$anonfun$apply$16.apply(PlayReloader.scala:304) ~[na:na]
	at play.PlayReloader$$anon$1$$anonfun$reload$2$$anonfun$apply$14$$anonfun$apply$16.apply(PlayReloader.scala:304) ~[na:na]
	at scala.Option.map(Option.scala:145) ~[scala-library.jar:na]
	at play.PlayReloader$$anon$1$$anonfun$reload$2$$anonfun$apply$14.apply(PlayReloader.scala:304) ~[na:na]
	at play.PlayReloader$$anon$1$$anonfun$reload$2$$anonfun$apply$14.apply(PlayReloader.scala:298) ~[na:na]
	at scala.Option.map(Option.scala:145) ~[scala-library.jar:na]
	at play.PlayReloader$$anon$1$$anonfun$reload$2.apply(PlayReloader.scala:298) ~[na:na]
	at play.PlayReloader$$anon$1$$anonfun$reload$2.apply(PlayReloader.scala:296) ~[na:na]
	at scala.util.Either$LeftProjection.map(Either.scala:377) ~[scala-library.jar:na]
	at play.PlayReloader$$anon$1.reload(PlayReloader.scala:296) ~[na:na]
	at play.core.ReloadableApplication$$anonfun$get$1.apply(ApplicationProvider.scala:104) ~[play_2.10.jar:2.2.1]
	at play.core.ReloadableApplication$$anonfun$get$1.apply(ApplicationProvider.scala:102) ~[play_2.10.jar:2.2.1]
	at scala.concurrent.impl.Future$PromiseCompletingRunnable.liftedTree1$1(Future.scala:24) ~[scala-library.jar:na]
	at scala.concurrent.impl.Future$PromiseCompletingRunnable.run(Future.scala:24) ~[scala-library.jar:na]
	at scala.concurrent.forkjoin.ForkJoinTask$AdaptedRunnableAction.exec(ForkJoinTask.java:1361) ~[scala-library.jar:na]
	at scala.concurrent.forkjoin.ForkJoinTask.doExec(ForkJoinTask.java:260) ~[scala-library.jar:na]
	at scala.concurrent.forkjoin.ForkJoinPool$WorkQueue.runTask(ForkJoinPool.java:1339) ~[scala-library.jar:na]
	at scala.concurrent.forkjoin.ForkJoinPool.runWorker(ForkJoinPool.java:1979) ~[scala-library.jar:na]
	at scala.concurrent.forkjoin.ForkJoinWorkerThread.run(ForkJoinWorkerThread.java:107) ~[scala-library.jar:na]

2013-11-26 20:54:45,687 - [ERROR] - from application in New I/O worker #8 


! @6gcof7mke - Internal server error, for (GET) [/] ->

play.PlayExceptions$CompilationException: Compilation error[not enough arguments for constructor Feed: (id: anorm.Pk[Long], title: String, xmlurl: String, htmlurl: String)models.Feed.
Unspecified value parameter htmlurl.]
	at play.PlayReloader$$anon$1$$anonfun$reload$2$$anonfun$apply$14$$anonfun$apply$16.apply(PlayReloader.scala:304) ~[na:na]
	at play.PlayReloader$$anon$1$$anonfun$reload$2$$anonfun$apply$14$$anonfun$apply$16.apply(PlayReloader.scala:304) ~[na:na]
	at scala.Option.map(Option.scala:145) ~[scala-library.jar:na]
	at play.PlayReloader$$anon$1$$anonfun$reload$2$$anonfun$apply$14.apply(PlayReloader.scala:304) ~[na:na]
	at play.PlayReloader$$anon$1$$anonfun$reload$2$$anonfun$apply$14.apply(PlayReloader.scala:298) ~[na:na]
	at scala.Option.map(Option.scala:145) ~[scala-library.jar:na]
	at play.PlayReloader$$anon$1$$anonfun$reload$2.apply(PlayReloader.scala:298) ~[na:na]
	at play.PlayReloader$$anon$1$$anonfun$reload$2.apply(PlayReloader.scala:296) ~[na:na]
	at scala.util.Either$LeftProjection.map(Either.scala:377) ~[scala-library.jar:na]
	at play.PlayReloader$$anon$1.reload(PlayReloader.scala:296) ~[na:na]
	at play.core.ReloadableApplication$$anonfun$get$1.apply(ApplicationProvider.scala:104) ~[play_2.10.jar:2.2.1]
	at play.core.ReloadableApplication$$anonfun$get$1.apply(ApplicationProvider.scala:102) ~[play_2.10.jar:2.2.1]
	at scala.concurrent.impl.Future$PromiseCompletingRunnable.liftedTree1$1(Future.scala:24) ~[scala-library.jar:na]
	at scala.concurrent.impl.Future$PromiseCompletingRunnable.run(Future.scala:24) ~[scala-library.jar:na]
	at scala.concurrent.forkjoin.ForkJoinTask$AdaptedRunnableAction.exec(ForkJoinTask.java:1361) ~[scala-library.jar:na]
	at scala.concurrent.forkjoin.ForkJoinTask.doExec(ForkJoinTask.java:260) ~[scala-library.jar:na]
	at scala.concurrent.forkjoin.ForkJoinPool$WorkQueue.runTask(ForkJoinPool.java:1339) ~[scala-library.jar:na]
	at scala.concurrent.forkjoin.ForkJoinPool.runWorker(ForkJoinPool.java:1979) ~[scala-library.jar:na]
	at scala.concurrent.forkjoin.ForkJoinWorkerThread.run(ForkJoinWorkerThread.java:107) ~[scala-library.jar:na]

2013-11-26 20:55:01,541 - [ERROR] - from application in New I/O worker #8 


! @6gcof8k68 - Internal server error, for (GET) [/] ->

play.PlayExceptions$CompilationException: Compilation error[type mismatch;
 found   : None.type
 required: anorm.Pk[Long]]
	at play.PlayReloader$$anon$1$$anonfun$reload$2$$anonfun$apply$14$$anonfun$apply$16.apply(PlayReloader.scala:304) ~[na:na]
	at play.PlayReloader$$anon$1$$anonfun$reload$2$$anonfun$apply$14$$anonfun$apply$16.apply(PlayReloader.scala:304) ~[na:na]
	at scala.Option.map(Option.scala:145) ~[scala-library.jar:na]
	at play.PlayReloader$$anon$1$$anonfun$reload$2$$anonfun$apply$14.apply(PlayReloader.scala:304) ~[na:na]
	at play.PlayReloader$$anon$1$$anonfun$reload$2$$anonfun$apply$14.apply(PlayReloader.scala:298) ~[na:na]
	at scala.Option.map(Option.scala:145) ~[scala-library.jar:na]
	at play.PlayReloader$$anon$1$$anonfun$reload$2.apply(PlayReloader.scala:298) ~[na:na]
	at play.PlayReloader$$anon$1$$anonfun$reload$2.apply(PlayReloader.scala:296) ~[na:na]
	at scala.util.Either$LeftProjection.map(Either.scala:377) ~[scala-library.jar:na]
	at play.PlayReloader$$anon$1.reload(PlayReloader.scala:296) ~[na:na]
	at play.core.ReloadableApplication$$anonfun$get$1.apply(ApplicationProvider.scala:104) ~[play_2.10.jar:2.2.1]
	at play.core.ReloadableApplication$$anonfun$get$1.apply(ApplicationProvider.scala:102) ~[play_2.10.jar:2.2.1]
	at scala.concurrent.impl.Future$PromiseCompletingRunnable.liftedTree1$1(Future.scala:24) ~[scala-library.jar:na]
	at scala.concurrent.impl.Future$PromiseCompletingRunnable.run(Future.scala:24) ~[scala-library.jar:na]
	at scala.concurrent.forkjoin.ForkJoinTask$AdaptedRunnableAction.exec(ForkJoinTask.java:1361) ~[scala-library.jar:na]
	at scala.concurrent.forkjoin.ForkJoinTask.doExec(ForkJoinTask.java:260) ~[scala-library.jar:na]
	at scala.concurrent.forkjoin.ForkJoinPool$WorkQueue.runTask(ForkJoinPool.java:1339) ~[scala-library.jar:na]
	at scala.concurrent.forkjoin.ForkJoinPool.runWorker(ForkJoinPool.java:1979) ~[scala-library.jar:na]
	at scala.concurrent.forkjoin.ForkJoinWorkerThread.run(ForkJoinWorkerThread.java:107) ~[scala-library.jar:na]

2013-11-26 20:55:10,776 - [INFO] - from play in play-internal-execution-context-1 
database [default] connected at jdbc:postgresql://localhost:5434/rss

2013-11-26 20:55:10,776 - [INFO] - from play in play-internal-execution-context-1 
Application started (Dev)

2013-11-26 20:55:11,526 - [ERROR] - from application in play-akka.actor.default-dispatcher-10 


! @6gcof9907 - Internal server error, for (GET) [/] ->

play.api.Application$$anon$1: Execution exception[[PSQLException: ERROR: syntax error at or near "value"
  Position: 61]]
	at play.api.Application$class.handleError(Application.scala:293) ~[play_2.10.jar:2.2.1]
	at play.api.DefaultApplication.handleError(Application.scala:399) [play_2.10.jar:2.2.1]
	at play.core.server.netty.PlayDefaultUpstreamHandler$$anonfun$12$$anonfun$apply$1.applyOrElse(PlayDefaultUpstreamHandler.scala:165) [play_2.10.jar:2.2.1]
	at play.core.server.netty.PlayDefaultUpstreamHandler$$anonfun$12$$anonfun$apply$1.applyOrElse(PlayDefaultUpstreamHandler.scala:162) [play_2.10.jar:2.2.1]
	at scala.runtime.AbstractPartialFunction.apply(AbstractPartialFunction.scala:33) [scala-library.jar:na]
	at scala.util.Failure$$anonfun$recover$1.apply(Try.scala:185) [scala-library.jar:na]
	at scala.util.Try$.apply(Try.scala:161) [scala-library.jar:na]
	at scala.util.Failure.recover(Try.scala:185) [scala-library.jar:na]
	at scala.concurrent.Future$$anonfun$recover$1.apply(Future.scala:387) [scala-library.jar:na]
	at scala.concurrent.Future$$anonfun$recover$1.apply(Future.scala:387) [scala-library.jar:na]
	at scala.concurrent.impl.CallbackRunnable.run(Promise.scala:29) [scala-library.jar:na]
	at play.api.libs.iteratee.Execution$$anon$1.execute(Execution.scala:43) [play-iteratees_2.10.jar:2.2.1]
	at scala.concurrent.impl.CallbackRunnable.executeWithValue(Promise.scala:37) [scala-library.jar:na]
	at scala.concurrent.impl.Promise$DefaultPromise.tryComplete(Promise.scala:133) [scala-library.jar:na]
	at scala.concurrent.Promise$class.complete(Promise.scala:55) [scala-library.jar:na]
	at scala.concurrent.impl.Promise$DefaultPromise.complete(Promise.scala:58) [scala-library.jar:na]
	at scala.concurrent.Future$$anonfun$flatMap$1$$anonfun$apply$3.apply(Future.scala:278) [scala-library.jar:na]
	at scala.concurrent.Future$$anonfun$flatMap$1$$anonfun$apply$3.apply(Future.scala:278) [scala-library.jar:na]
	at scala.concurrent.impl.CallbackRunnable.run(Promise.scala:29) [scala-library.jar:na]
	at scala.concurrent.Future$InternalCallbackExecutor$Batch$$anonfun$run$1.processBatch$1(Future.scala:731) [scala-library.jar:na]
	at scala.concurrent.Future$InternalCallbackExecutor$Batch$$anonfun$run$1.apply$mcV$sp(Future.scala:746) [scala-library.jar:na]
	at scala.concurrent.Future$InternalCallbackExecutor$Batch$$anonfun$run$1.apply(Future.scala:723) [scala-library.jar:na]
	at scala.concurrent.Future$InternalCallbackExecutor$Batch$$anonfun$run$1.apply(Future.scala:723) [scala-library.jar:na]
	at scala.concurrent.BlockContext$.withBlockContext(BlockContext.scala:72) [scala-library.jar:na]
	at scala.concurrent.Future$InternalCallbackExecutor$Batch.run(Future.scala:722) [scala-library.jar:na]
	at scala.concurrent.Future$InternalCallbackExecutor$.scala$concurrent$Future$InternalCallbackExecutor$$unbatchedExecute(Future.scala:782) [scala-library.jar:na]
	at scala.concurrent.Future$InternalCallbackExecutor$.execute(Future.scala:773) [scala-library.jar:na]
	at scala.concurrent.impl.CallbackRunnable.executeWithValue(Promise.scala:37) [scala-library.jar:na]
	at scala.concurrent.impl.Promise$DefaultPromise.tryComplete(Promise.scala:133) [scala-library.jar:na]
	at scala.concurrent.Promise$class.complete(Promise.scala:55) [scala-library.jar:na]
	at scala.concurrent.impl.Promise$DefaultPromise.complete(Promise.scala:58) [scala-library.jar:na]
	at scala.concurrent.Future$$anonfun$flatMap$1.apply(Future.scala:274) [scala-library.jar:na]
	at scala.concurrent.Future$$anonfun$flatMap$1.apply(Future.scala:274) [scala-library.jar:na]
	at scala.concurrent.impl.CallbackRunnable.run(Promise.scala:29) [scala-library.jar:na]
	at play.api.libs.iteratee.Execution$$anon$2.execute(Execution.scala:70) [play-iteratees_2.10.jar:2.2.1]
	at scala.concurrent.impl.CallbackRunnable.executeWithValue(Promise.scala:37) [scala-library.jar:na]
	at scala.concurrent.impl.Promise$DefaultPromise.tryComplete(Promise.scala:133) [scala-library.jar:na]
	at scala.concurrent.Promise$class.complete(Promise.scala:55) [scala-library.jar:na]
	at scala.concurrent.impl.Promise$DefaultPromise.complete(Promise.scala:58) [scala-library.jar:na]
	at scala.concurrent.impl.Future$PromiseCompletingRunnable.run(Future.scala:23) [scala-library.jar:na]
	at akka.dispatch.TaskInvocation.run(AbstractDispatcher.scala:42) [akka-actor_2.10.jar:2.2.0]
	at akka.dispatch.ForkJoinExecutorConfigurator$AkkaForkJoinTask.exec(AbstractDispatcher.scala:386) [akka-actor_2.10.jar:2.2.0]
	at scala.concurrent.forkjoin.ForkJoinTask.doExec(ForkJoinTask.java:260) [scala-library.jar:na]
	at scala.concurrent.forkjoin.ForkJoinPool$WorkQueue.runTask(ForkJoinPool.java:1339) [scala-library.jar:na]
	at scala.concurrent.forkjoin.ForkJoinPool.runWorker(ForkJoinPool.java:1979) [scala-library.jar:na]
	at scala.concurrent.forkjoin.ForkJoinWorkerThread.run(ForkJoinWorkerThread.java:107) [scala-library.jar:na]
Caused by: org.postgresql.util.PSQLException: ERROR: syntax error at or near "value"
  Position: 61
	at org.postgresql.core.v3.QueryExecutorImpl.receiveErrorResponse(QueryExecutorImpl.java:2102) ~[postgresql-9.1-901.jdbc4.jar:na]
	at org.postgresql.core.v3.QueryExecutorImpl.processResults(QueryExecutorImpl.java:1835) ~[postgresql-9.1-901.jdbc4.jar:na]
	at org.postgresql.core.v3.QueryExecutorImpl.execute(QueryExecutorImpl.java:257) ~[postgresql-9.1-901.jdbc4.jar:na]
	at org.postgresql.jdbc2.AbstractJdbc2Statement.execute(AbstractJdbc2Statement.java:500) ~[postgresql-9.1-901.jdbc4.jar:na]
	at org.postgresql.jdbc2.AbstractJdbc2Statement.executeWithFlags(AbstractJdbc2Statement.java:388) ~[postgresql-9.1-901.jdbc4.jar:na]
	at org.postgresql.jdbc2.AbstractJdbc2Statement.executeUpdate(AbstractJdbc2Statement.java:334) ~[postgresql-9.1-901.jdbc4.jar:na]
	at com.jolbox.bonecp.PreparedStatementHandle.executeUpdate(PreparedStatementHandle.java:205) ~[bonecp.jar:na]
	at anorm.Sql$class.executeUpdate(Anorm.scala:473) ~[anorm_2.10.jar:2.2.1]
	at anorm.SimpleSql.executeUpdate(Anorm.scala:372) ~[anorm_2.10.jar:2.2.1]
	at models.Feed$$anonfun$insert$1.apply(Feed.scala:83) ~[classes/:na]
	at models.Feed$$anonfun$insert$1.apply(Feed.scala:71) ~[classes/:na]
	at play.api.db.DBApi$class.withConnection(DB.scala:82) ~[play-jdbc_2.10.jar:2.2.1]
	at play.api.db.BoneCPApi.withConnection(DB.scala:276) ~[play-jdbc_2.10.jar:2.2.1]
	at play.api.db.DB$$anonfun$withConnection$3.apply(DB.scala:162) ~[play-jdbc_2.10.jar:2.2.1]
	at play.api.db.DB$$anonfun$withConnection$3.apply(DB.scala:162) ~[play-jdbc_2.10.jar:2.2.1]
	at scala.Option.map(Option.scala:145) ~[scala-library.jar:na]
	at play.api.db.DB$.withConnection(DB.scala:162) ~[play-jdbc_2.10.jar:2.2.1]
	at models.Feed$.insert(Feed.scala:71) ~[classes/:na]
	at controllers.Application$$anonfun$index$1.apply(Application.scala:17) ~[classes/:na]
	at controllers.Application$$anonfun$index$1.apply(Application.scala:14) ~[classes/:na]
	at play.api.mvc.ActionBuilder$$anonfun$apply$11.apply(Action.scala:255) ~[play_2.10.jar:2.2.1]
	at play.api.mvc.ActionBuilder$$anonfun$apply$11.apply(Action.scala:255) ~[play_2.10.jar:2.2.1]
	at play.api.mvc.ActionBuilder$$anonfun$apply$10.apply(Action.scala:221) ~[play_2.10.jar:2.2.1]
	at play.api.mvc.ActionBuilder$$anonfun$apply$10.apply(Action.scala:220) ~[play_2.10.jar:2.2.1]
	at play.api.mvc.Action$.invokeBlock(Action.scala:357) ~[play_2.10.jar:2.2.1]
	at play.api.mvc.ActionBuilder$$anon$1.apply(Action.scala:309) ~[play_2.10.jar:2.2.1]
	at play.api.mvc.Action$$anonfun$apply$1$$anonfun$apply$4$$anonfun$apply$5.apply(Action.scala:109) ~[play_2.10.jar:2.2.1]
	at play.api.mvc.Action$$anonfun$apply$1$$anonfun$apply$4$$anonfun$apply$5.apply(Action.scala:109) ~[play_2.10.jar:2.2.1]
	at play.utils.Threads$.withContextClassLoader(Threads.scala:18) ~[play_2.10.jar:2.2.1]
	at play.api.mvc.Action$$anonfun$apply$1$$anonfun$apply$4.apply(Action.scala:108) ~[play_2.10.jar:2.2.1]
	at play.api.mvc.Action$$anonfun$apply$1$$anonfun$apply$4.apply(Action.scala:107) ~[play_2.10.jar:2.2.1]
	at scala.Option.map(Option.scala:145) ~[scala-library.jar:na]
	at play.api.mvc.Action$$anonfun$apply$1.apply(Action.scala:107) ~[play_2.10.jar:2.2.1]
	at play.api.mvc.Action$$anonfun$apply$1.apply(Action.scala:100) ~[play_2.10.jar:2.2.1]
	at play.api.libs.iteratee.Iteratee$$anonfun$mapM$1.apply(Iteratee.scala:481) ~[play-iteratees_2.10.jar:2.2.1]
	at play.api.libs.iteratee.Iteratee$$anonfun$mapM$1.apply(Iteratee.scala:481) ~[play-iteratees_2.10.jar:2.2.1]
	at play.api.libs.iteratee.Iteratee$$anonfun$flatMapM$1.apply(Iteratee.scala:517) ~[play-iteratees_2.10.jar:2.2.1]
	at play.api.libs.iteratee.Iteratee$$anonfun$flatMapM$1.apply(Iteratee.scala:517) ~[play-iteratees_2.10.jar:2.2.1]
	at play.api.libs.iteratee.Iteratee$$anonfun$flatMap$1$$anonfun$apply$13.apply(Iteratee.scala:493) ~[play-iteratees_2.10.jar:2.2.1]
	at play.api.libs.iteratee.Iteratee$$anonfun$flatMap$1$$anonfun$apply$13.apply(Iteratee.scala:493) ~[play-iteratees_2.10.jar:2.2.1]
	at scala.concurrent.impl.Future$PromiseCompletingRunnable.liftedTree1$1(Future.scala:24) [scala-library.jar:na]
	at scala.concurrent.impl.Future$PromiseCompletingRunnable.run(Future.scala:24) [scala-library.jar:na]
	... 6 common frames omitted

2013-11-26 20:59:41,329 - [INFO] - from play in play-internal-execution-context-1 
database [default] connected at jdbc:postgresql://localhost:5434/rss

2013-11-26 20:59:41,330 - [INFO] - from play in play-internal-execution-context-1 
Application started (Dev)

2013-11-26 20:59:43,036 - [ERROR] - from application in play-akka.actor.default-dispatcher-11 


! @6gcofokh1 - Internal server error, for (GET) [/] ->

play.api.Application$$anon$1: Execution exception[[PSQLException: ERROR: column "creation_date" is of type timestamp with time zone but expression is of type character varying
  Hint: You will need to rewrite or cast the expression.
  Position: 96]]
	at play.api.Application$class.handleError(Application.scala:293) ~[play_2.10.jar:2.2.1]
	at play.api.DefaultApplication.handleError(Application.scala:399) [play_2.10.jar:2.2.1]
	at play.core.server.netty.PlayDefaultUpstreamHandler$$anonfun$12$$anonfun$apply$1.applyOrElse(PlayDefaultUpstreamHandler.scala:165) [play_2.10.jar:2.2.1]
	at play.core.server.netty.PlayDefaultUpstreamHandler$$anonfun$12$$anonfun$apply$1.applyOrElse(PlayDefaultUpstreamHandler.scala:162) [play_2.10.jar:2.2.1]
	at scala.runtime.AbstractPartialFunction.apply(AbstractPartialFunction.scala:33) [scala-library.jar:na]
	at scala.util.Failure$$anonfun$recover$1.apply(Try.scala:185) [scala-library.jar:na]
	at scala.util.Try$.apply(Try.scala:161) [scala-library.jar:na]
	at scala.util.Failure.recover(Try.scala:185) [scala-library.jar:na]
	at scala.concurrent.Future$$anonfun$recover$1.apply(Future.scala:387) [scala-library.jar:na]
	at scala.concurrent.Future$$anonfun$recover$1.apply(Future.scala:387) [scala-library.jar:na]
	at scala.concurrent.impl.CallbackRunnable.run(Promise.scala:29) [scala-library.jar:na]
	at play.api.libs.iteratee.Execution$$anon$1.execute(Execution.scala:43) [play-iteratees_2.10.jar:2.2.1]
	at scala.concurrent.impl.CallbackRunnable.executeWithValue(Promise.scala:37) [scala-library.jar:na]
	at scala.concurrent.impl.Promise$DefaultPromise.tryComplete(Promise.scala:133) [scala-library.jar:na]
	at scala.concurrent.Promise$class.complete(Promise.scala:55) [scala-library.jar:na]
	at scala.concurrent.impl.Promise$DefaultPromise.complete(Promise.scala:58) [scala-library.jar:na]
	at scala.concurrent.Future$$anonfun$flatMap$1$$anonfun$apply$3.apply(Future.scala:278) [scala-library.jar:na]
	at scala.concurrent.Future$$anonfun$flatMap$1$$anonfun$apply$3.apply(Future.scala:278) [scala-library.jar:na]
	at scala.concurrent.impl.CallbackRunnable.run(Promise.scala:29) [scala-library.jar:na]
	at scala.concurrent.Future$InternalCallbackExecutor$Batch$$anonfun$run$1.processBatch$1(Future.scala:731) [scala-library.jar:na]
	at scala.concurrent.Future$InternalCallbackExecutor$Batch$$anonfun$run$1.apply$mcV$sp(Future.scala:746) [scala-library.jar:na]
	at scala.concurrent.Future$InternalCallbackExecutor$Batch$$anonfun$run$1.apply(Future.scala:723) [scala-library.jar:na]
	at scala.concurrent.Future$InternalCallbackExecutor$Batch$$anonfun$run$1.apply(Future.scala:723) [scala-library.jar:na]
	at scala.concurrent.BlockContext$.withBlockContext(BlockContext.scala:72) [scala-library.jar:na]
	at scala.concurrent.Future$InternalCallbackExecutor$Batch.run(Future.scala:722) [scala-library.jar:na]
	at scala.concurrent.Future$InternalCallbackExecutor$.scala$concurrent$Future$InternalCallbackExecutor$$unbatchedExecute(Future.scala:782) [scala-library.jar:na]
	at scala.concurrent.Future$InternalCallbackExecutor$.execute(Future.scala:773) [scala-library.jar:na]
	at scala.concurrent.impl.CallbackRunnable.executeWithValue(Promise.scala:37) [scala-library.jar:na]
	at scala.concurrent.impl.Promise$DefaultPromise.tryComplete(Promise.scala:133) [scala-library.jar:na]
	at scala.concurrent.Promise$class.complete(Promise.scala:55) [scala-library.jar:na]
	at scala.concurrent.impl.Promise$DefaultPromise.complete(Promise.scala:58) [scala-library.jar:na]
	at scala.concurrent.Future$$anonfun$flatMap$1.apply(Future.scala:274) [scala-library.jar:na]
	at scala.concurrent.Future$$anonfun$flatMap$1.apply(Future.scala:274) [scala-library.jar:na]
	at scala.concurrent.impl.CallbackRunnable.run(Promise.scala:29) [scala-library.jar:na]
	at play.api.libs.iteratee.Execution$$anon$2.execute(Execution.scala:70) [play-iteratees_2.10.jar:2.2.1]
	at scala.concurrent.impl.CallbackRunnable.executeWithValue(Promise.scala:37) [scala-library.jar:na]
	at scala.concurrent.impl.Promise$DefaultPromise.tryComplete(Promise.scala:133) [scala-library.jar:na]
	at scala.concurrent.Promise$class.complete(Promise.scala:55) [scala-library.jar:na]
	at scala.concurrent.impl.Promise$DefaultPromise.complete(Promise.scala:58) [scala-library.jar:na]
	at scala.concurrent.impl.Future$PromiseCompletingRunnable.run(Future.scala:23) [scala-library.jar:na]
	at akka.dispatch.TaskInvocation.run(AbstractDispatcher.scala:42) [akka-actor_2.10.jar:2.2.0]
	at akka.dispatch.ForkJoinExecutorConfigurator$AkkaForkJoinTask.exec(AbstractDispatcher.scala:386) [akka-actor_2.10.jar:2.2.0]
	at scala.concurrent.forkjoin.ForkJoinTask.doExec(ForkJoinTask.java:260) [scala-library.jar:na]
	at scala.concurrent.forkjoin.ForkJoinPool$WorkQueue.runTask(ForkJoinPool.java:1339) [scala-library.jar:na]
	at scala.concurrent.forkjoin.ForkJoinPool.runWorker(ForkJoinPool.java:1979) [scala-library.jar:na]
	at scala.concurrent.forkjoin.ForkJoinWorkerThread.run(ForkJoinWorkerThread.java:107) [scala-library.jar:na]
Caused by: org.postgresql.util.PSQLException: ERROR: column "creation_date" is of type timestamp with time zone but expression is of type character varying
  Hint: You will need to rewrite or cast the expression.
  Position: 96
	at org.postgresql.core.v3.QueryExecutorImpl.receiveErrorResponse(QueryExecutorImpl.java:2102) ~[postgresql-9.1-901.jdbc4.jar:na]
	at org.postgresql.core.v3.QueryExecutorImpl.processResults(QueryExecutorImpl.java:1835) ~[postgresql-9.1-901.jdbc4.jar:na]
	at org.postgresql.core.v3.QueryExecutorImpl.execute(QueryExecutorImpl.java:257) ~[postgresql-9.1-901.jdbc4.jar:na]
	at org.postgresql.jdbc2.AbstractJdbc2Statement.execute(AbstractJdbc2Statement.java:500) ~[postgresql-9.1-901.jdbc4.jar:na]
	at org.postgresql.jdbc2.AbstractJdbc2Statement.executeWithFlags(AbstractJdbc2Statement.java:388) ~[postgresql-9.1-901.jdbc4.jar:na]
	at org.postgresql.jdbc2.AbstractJdbc2Statement.executeUpdate(AbstractJdbc2Statement.java:334) ~[postgresql-9.1-901.jdbc4.jar:na]
	at com.jolbox.bonecp.PreparedStatementHandle.executeUpdate(PreparedStatementHandle.java:205) ~[bonecp.jar:na]
	at anorm.Sql$class.executeUpdate(Anorm.scala:473) ~[anorm_2.10.jar:2.2.1]
	at anorm.SimpleSql.executeUpdate(Anorm.scala:372) ~[anorm_2.10.jar:2.2.1]
	at models.Feed$$anonfun$insert$1.apply(Feed.scala:83) ~[classes/:na]
	at models.Feed$$anonfun$insert$1.apply(Feed.scala:71) ~[classes/:na]
	at play.api.db.DBApi$class.withConnection(DB.scala:82) ~[play-jdbc_2.10.jar:2.2.1]
	at play.api.db.BoneCPApi.withConnection(DB.scala:276) ~[play-jdbc_2.10.jar:2.2.1]
	at play.api.db.DB$$anonfun$withConnection$3.apply(DB.scala:162) ~[play-jdbc_2.10.jar:2.2.1]
	at play.api.db.DB$$anonfun$withConnection$3.apply(DB.scala:162) ~[play-jdbc_2.10.jar:2.2.1]
	at scala.Option.map(Option.scala:145) ~[scala-library.jar:na]
	at play.api.db.DB$.withConnection(DB.scala:162) ~[play-jdbc_2.10.jar:2.2.1]
	at models.Feed$.insert(Feed.scala:71) ~[classes/:na]
	at controllers.Application$$anonfun$index$1.apply(Application.scala:17) ~[classes/:na]
	at controllers.Application$$anonfun$index$1.apply(Application.scala:14) ~[classes/:na]
	at play.api.mvc.ActionBuilder$$anonfun$apply$11.apply(Action.scala:255) ~[play_2.10.jar:2.2.1]
	at play.api.mvc.ActionBuilder$$anonfun$apply$11.apply(Action.scala:255) ~[play_2.10.jar:2.2.1]
	at play.api.mvc.ActionBuilder$$anonfun$apply$10.apply(Action.scala:221) ~[play_2.10.jar:2.2.1]
	at play.api.mvc.ActionBuilder$$anonfun$apply$10.apply(Action.scala:220) ~[play_2.10.jar:2.2.1]
	at play.api.mvc.Action$.invokeBlock(Action.scala:357) ~[play_2.10.jar:2.2.1]
	at play.api.mvc.ActionBuilder$$anon$1.apply(Action.scala:309) ~[play_2.10.jar:2.2.1]
	at play.api.mvc.Action$$anonfun$apply$1$$anonfun$apply$4$$anonfun$apply$5.apply(Action.scala:109) ~[play_2.10.jar:2.2.1]
	at play.api.mvc.Action$$anonfun$apply$1$$anonfun$apply$4$$anonfun$apply$5.apply(Action.scala:109) ~[play_2.10.jar:2.2.1]
	at play.utils.Threads$.withContextClassLoader(Threads.scala:18) ~[play_2.10.jar:2.2.1]
	at play.api.mvc.Action$$anonfun$apply$1$$anonfun$apply$4.apply(Action.scala:108) ~[play_2.10.jar:2.2.1]
	at play.api.mvc.Action$$anonfun$apply$1$$anonfun$apply$4.apply(Action.scala:107) ~[play_2.10.jar:2.2.1]
	at scala.Option.map(Option.scala:145) ~[scala-library.jar:na]
	at play.api.mvc.Action$$anonfun$apply$1.apply(Action.scala:107) ~[play_2.10.jar:2.2.1]
	at play.api.mvc.Action$$anonfun$apply$1.apply(Action.scala:100) ~[play_2.10.jar:2.2.1]
	at play.api.libs.iteratee.Iteratee$$anonfun$mapM$1.apply(Iteratee.scala:481) ~[play-iteratees_2.10.jar:2.2.1]
	at play.api.libs.iteratee.Iteratee$$anonfun$mapM$1.apply(Iteratee.scala:481) ~[play-iteratees_2.10.jar:2.2.1]
	at play.api.libs.iteratee.Iteratee$$anonfun$flatMapM$1.apply(Iteratee.scala:517) ~[play-iteratees_2.10.jar:2.2.1]
	at play.api.libs.iteratee.Iteratee$$anonfun$flatMapM$1.apply(Iteratee.scala:517) ~[play-iteratees_2.10.jar:2.2.1]
	at play.api.libs.iteratee.Iteratee$$anonfun$flatMap$1$$anonfun$apply$13.apply(Iteratee.scala:493) ~[play-iteratees_2.10.jar:2.2.1]
	at play.api.libs.iteratee.Iteratee$$anonfun$flatMap$1$$anonfun$apply$13.apply(Iteratee.scala:493) ~[play-iteratees_2.10.jar:2.2.1]
	at scala.concurrent.impl.Future$PromiseCompletingRunnable.liftedTree1$1(Future.scala:24) [scala-library.jar:na]
	at scala.concurrent.impl.Future$PromiseCompletingRunnable.run(Future.scala:24) [scala-library.jar:na]
	... 6 common frames omitted

2013-11-26 20:59:43,376 - [ERROR] - from application in play-akka.actor.default-dispatcher-4 


! @6gcofol43 - Internal server error, for (GET) [/] ->

play.api.Application$$anon$1: Execution exception[[PSQLException: ERROR: column "creation_date" is of type timestamp with time zone but expression is of type character varying
  Hint: You will need to rewrite or cast the expression.
  Position: 96]]
	at play.api.Application$class.handleError(Application.scala:293) ~[play_2.10.jar:2.2.1]
	at play.api.DefaultApplication.handleError(Application.scala:399) [play_2.10.jar:2.2.1]
	at play.core.server.netty.PlayDefaultUpstreamHandler$$anonfun$12$$anonfun$apply$1.applyOrElse(PlayDefaultUpstreamHandler.scala:165) [play_2.10.jar:2.2.1]
	at play.core.server.netty.PlayDefaultUpstreamHandler$$anonfun$12$$anonfun$apply$1.applyOrElse(PlayDefaultUpstreamHandler.scala:162) [play_2.10.jar:2.2.1]
	at scala.runtime.AbstractPartialFunction.apply(AbstractPartialFunction.scala:33) [scala-library.jar:na]
	at scala.util.Failure$$anonfun$recover$1.apply(Try.scala:185) [scala-library.jar:na]
	at scala.util.Try$.apply(Try.scala:161) [scala-library.jar:na]
	at scala.util.Failure.recover(Try.scala:185) [scala-library.jar:na]
	at scala.concurrent.Future$$anonfun$recover$1.apply(Future.scala:387) [scala-library.jar:na]
	at scala.concurrent.Future$$anonfun$recover$1.apply(Future.scala:387) [scala-library.jar:na]
	at scala.concurrent.impl.CallbackRunnable.run(Promise.scala:29) [scala-library.jar:na]
	at play.api.libs.iteratee.Execution$$anon$1.execute(Execution.scala:43) [play-iteratees_2.10.jar:2.2.1]
	at scala.concurrent.impl.CallbackRunnable.executeWithValue(Promise.scala:37) [scala-library.jar:na]
	at scala.concurrent.impl.Promise$DefaultPromise.tryComplete(Promise.scala:133) [scala-library.jar:na]
	at scala.concurrent.Promise$class.complete(Promise.scala:55) [scala-library.jar:na]
	at scala.concurrent.impl.Promise$DefaultPromise.complete(Promise.scala:58) [scala-library.jar:na]
	at scala.concurrent.Future$$anonfun$flatMap$1$$anonfun$apply$3.apply(Future.scala:278) [scala-library.jar:na]
	at scala.concurrent.Future$$anonfun$flatMap$1$$anonfun$apply$3.apply(Future.scala:278) [scala-library.jar:na]
	at scala.concurrent.impl.CallbackRunnable.run(Promise.scala:29) [scala-library.jar:na]
	at scala.concurrent.Future$InternalCallbackExecutor$Batch$$anonfun$run$1.processBatch$1(Future.scala:731) [scala-library.jar:na]
	at scala.concurrent.Future$InternalCallbackExecutor$Batch$$anonfun$run$1.apply$mcV$sp(Future.scala:746) [scala-library.jar:na]
	at scala.concurrent.Future$InternalCallbackExecutor$Batch$$anonfun$run$1.apply(Future.scala:723) [scala-library.jar:na]
	at scala.concurrent.Future$InternalCallbackExecutor$Batch$$anonfun$run$1.apply(Future.scala:723) [scala-library.jar:na]
	at scala.concurrent.BlockContext$.withBlockContext(BlockContext.scala:72) [scala-library.jar:na]
	at scala.concurrent.Future$InternalCallbackExecutor$Batch.run(Future.scala:722) [scala-library.jar:na]
	at scala.concurrent.Future$InternalCallbackExecutor$.scala$concurrent$Future$InternalCallbackExecutor$$unbatchedExecute(Future.scala:782) [scala-library.jar:na]
	at scala.concurrent.Future$InternalCallbackExecutor$.execute(Future.scala:773) [scala-library.jar:na]
	at scala.concurrent.impl.CallbackRunnable.executeWithValue(Promise.scala:37) [scala-library.jar:na]
	at scala.concurrent.impl.Promise$DefaultPromise.tryComplete(Promise.scala:133) [scala-library.jar:na]
	at scala.concurrent.Promise$class.complete(Promise.scala:55) [scala-library.jar:na]
	at scala.concurrent.impl.Promise$DefaultPromise.complete(Promise.scala:58) [scala-library.jar:na]
	at scala.concurrent.Future$$anonfun$flatMap$1.apply(Future.scala:274) [scala-library.jar:na]
	at scala.concurrent.Future$$anonfun$flatMap$1.apply(Future.scala:274) [scala-library.jar:na]
	at scala.concurrent.impl.CallbackRunnable.run(Promise.scala:29) [scala-library.jar:na]
	at play.api.libs.iteratee.Execution$$anon$2.execute(Execution.scala:70) [play-iteratees_2.10.jar:2.2.1]
	at scala.concurrent.impl.CallbackRunnable.executeWithValue(Promise.scala:37) [scala-library.jar:na]
	at scala.concurrent.impl.Promise$DefaultPromise.tryComplete(Promise.scala:133) [scala-library.jar:na]
	at scala.concurrent.Promise$class.complete(Promise.scala:55) [scala-library.jar:na]
	at scala.concurrent.impl.Promise$DefaultPromise.complete(Promise.scala:58) [scala-library.jar:na]
	at scala.concurrent.impl.Future$PromiseCompletingRunnable.run(Future.scala:23) [scala-library.jar:na]
	at akka.dispatch.TaskInvocation.run(AbstractDispatcher.scala:42) [akka-actor_2.10.jar:2.2.0]
	at akka.dispatch.ForkJoinExecutorConfigurator$AkkaForkJoinTask.exec(AbstractDispatcher.scala:386) [akka-actor_2.10.jar:2.2.0]
	at scala.concurrent.forkjoin.ForkJoinTask.doExec(ForkJoinTask.java:260) [scala-library.jar:na]
	at scala.concurrent.forkjoin.ForkJoinPool$WorkQueue.runTask(ForkJoinPool.java:1339) [scala-library.jar:na]
	at scala.concurrent.forkjoin.ForkJoinPool.runWorker(ForkJoinPool.java:1979) [scala-library.jar:na]
	at scala.concurrent.forkjoin.ForkJoinWorkerThread.run(ForkJoinWorkerThread.java:107) [scala-library.jar:na]
Caused by: org.postgresql.util.PSQLException: ERROR: column "creation_date" is of type timestamp with time zone but expression is of type character varying
  Hint: You will need to rewrite or cast the expression.
  Position: 96
	at org.postgresql.core.v3.QueryExecutorImpl.receiveErrorResponse(QueryExecutorImpl.java:2102) ~[postgresql-9.1-901.jdbc4.jar:na]
	at org.postgresql.core.v3.QueryExecutorImpl.processResults(QueryExecutorImpl.java:1835) ~[postgresql-9.1-901.jdbc4.jar:na]
	at org.postgresql.core.v3.QueryExecutorImpl.execute(QueryExecutorImpl.java:257) ~[postgresql-9.1-901.jdbc4.jar:na]
	at org.postgresql.jdbc2.AbstractJdbc2Statement.execute(AbstractJdbc2Statement.java:500) ~[postgresql-9.1-901.jdbc4.jar:na]
	at org.postgresql.jdbc2.AbstractJdbc2Statement.executeWithFlags(AbstractJdbc2Statement.java:388) ~[postgresql-9.1-901.jdbc4.jar:na]
	at org.postgresql.jdbc2.AbstractJdbc2Statement.executeUpdate(AbstractJdbc2Statement.java:334) ~[postgresql-9.1-901.jdbc4.jar:na]
	at com.jolbox.bonecp.PreparedStatementHandle.executeUpdate(PreparedStatementHandle.java:205) ~[bonecp.jar:na]
	at anorm.Sql$class.executeUpdate(Anorm.scala:473) ~[anorm_2.10.jar:2.2.1]
	at anorm.SimpleSql.executeUpdate(Anorm.scala:372) ~[anorm_2.10.jar:2.2.1]
	at models.Feed$$anonfun$insert$1.apply(Feed.scala:83) ~[classes/:na]
	at models.Feed$$anonfun$insert$1.apply(Feed.scala:71) ~[classes/:na]
	at play.api.db.DBApi$class.withConnection(DB.scala:82) ~[play-jdbc_2.10.jar:2.2.1]
	at play.api.db.BoneCPApi.withConnection(DB.scala:276) ~[play-jdbc_2.10.jar:2.2.1]
	at play.api.db.DB$$anonfun$withConnection$3.apply(DB.scala:162) ~[play-jdbc_2.10.jar:2.2.1]
	at play.api.db.DB$$anonfun$withConnection$3.apply(DB.scala:162) ~[play-jdbc_2.10.jar:2.2.1]
	at scala.Option.map(Option.scala:145) ~[scala-library.jar:na]
	at play.api.db.DB$.withConnection(DB.scala:162) ~[play-jdbc_2.10.jar:2.2.1]
	at models.Feed$.insert(Feed.scala:71) ~[classes/:na]
	at controllers.Application$$anonfun$index$1.apply(Application.scala:17) ~[classes/:na]
	at controllers.Application$$anonfun$index$1.apply(Application.scala:14) ~[classes/:na]
	at play.api.mvc.ActionBuilder$$anonfun$apply$11.apply(Action.scala:255) ~[play_2.10.jar:2.2.1]
	at play.api.mvc.ActionBuilder$$anonfun$apply$11.apply(Action.scala:255) ~[play_2.10.jar:2.2.1]
	at play.api.mvc.ActionBuilder$$anonfun$apply$10.apply(Action.scala:221) ~[play_2.10.jar:2.2.1]
	at play.api.mvc.ActionBuilder$$anonfun$apply$10.apply(Action.scala:220) ~[play_2.10.jar:2.2.1]
	at play.api.mvc.Action$.invokeBlock(Action.scala:357) ~[play_2.10.jar:2.2.1]
	at play.api.mvc.ActionBuilder$$anon$1.apply(Action.scala:309) ~[play_2.10.jar:2.2.1]
	at play.api.mvc.Action$$anonfun$apply$1$$anonfun$apply$4$$anonfun$apply$5.apply(Action.scala:109) ~[play_2.10.jar:2.2.1]
	at play.api.mvc.Action$$anonfun$apply$1$$anonfun$apply$4$$anonfun$apply$5.apply(Action.scala:109) ~[play_2.10.jar:2.2.1]
	at play.utils.Threads$.withContextClassLoader(Threads.scala:18) ~[play_2.10.jar:2.2.1]
	at play.api.mvc.Action$$anonfun$apply$1$$anonfun$apply$4.apply(Action.scala:108) ~[play_2.10.jar:2.2.1]
	at play.api.mvc.Action$$anonfun$apply$1$$anonfun$apply$4.apply(Action.scala:107) ~[play_2.10.jar:2.2.1]
	at scala.Option.map(Option.scala:145) ~[scala-library.jar:na]
	at play.api.mvc.Action$$anonfun$apply$1.apply(Action.scala:107) ~[play_2.10.jar:2.2.1]
	at play.api.mvc.Action$$anonfun$apply$1.apply(Action.scala:100) ~[play_2.10.jar:2.2.1]
	at play.api.libs.iteratee.Iteratee$$anonfun$mapM$1.apply(Iteratee.scala:481) ~[play-iteratees_2.10.jar:2.2.1]
	at play.api.libs.iteratee.Iteratee$$anonfun$mapM$1.apply(Iteratee.scala:481) ~[play-iteratees_2.10.jar:2.2.1]
	at play.api.libs.iteratee.Iteratee$$anonfun$flatMapM$1.apply(Iteratee.scala:517) ~[play-iteratees_2.10.jar:2.2.1]
	at play.api.libs.iteratee.Iteratee$$anonfun$flatMapM$1.apply(Iteratee.scala:517) ~[play-iteratees_2.10.jar:2.2.1]
	at play.api.libs.iteratee.Iteratee$$anonfun$flatMap$1$$anonfun$apply$13.apply(Iteratee.scala:493) ~[play-iteratees_2.10.jar:2.2.1]
	at play.api.libs.iteratee.Iteratee$$anonfun$flatMap$1$$anonfun$apply$13.apply(Iteratee.scala:493) ~[play-iteratees_2.10.jar:2.2.1]
	at scala.concurrent.impl.Future$PromiseCompletingRunnable.liftedTree1$1(Future.scala:24) [scala-library.jar:na]
	at scala.concurrent.impl.Future$PromiseCompletingRunnable.run(Future.scala:24) [scala-library.jar:na]
	... 6 common frames omitted

